<?xml version="1.0" encoding="UTF-8"?>
<!-- Generated by org.testng.reporters.JUnitReportReporter -->
<testsuite hostname="DESKTOP-5HDMOT8" failures="0" tests="3" name="seleniumgridPractice.GridPractice" time="22.319" errors="0" timestamp="2023-01-07T13:04:24 IST" skipped="0">
  <testcase classname="seleniumgridPractice.GridPractice" name="testGoogleOnEdge" time="10.722"/>
  <system-out/>
  <testcase classname="seleniumgridPractice.GridPractice" name="testFacebookOnFirefox" time="1.795"/>
  <system-out/>
  <testcase classname="seleniumgridPractice.GridPractice" name="testOrangeHRMOnChrome" time="9.802"/>
  <system-out/>
</testsuite> <!-- seleniumgridPractice.GridPractice -->
