<?xml version="1.0" encoding="UTF-8"?>
<!-- Generated by org.testng.reporters.JUnitReportReporter -->
<testsuite hostname="DESKTOP-5HDMOT8" failures="0" tests="3" name="seleniumgridPractice.GridPractice" time="213.107" errors="0" timestamp="2022-11-17T11:34:39 IST" skipped="0">
  <testcase classname="seleniumgridPractice.GridPractice" name="testFacebookOnFirefox" time="21.165"/>
  <system-out/>
  <testcase classname="seleniumgridPractice.GridPractice" name="testOrangeHRMOnChrome" time="152.862"/>
  <system-out/>
  <testcase classname="seleniumgridPractice.GridPractice" name="testGoogleOnEdge" time="39.080"/>
  <system-out/>
</testsuite> <!-- seleniumgridPractice.GridPractice -->
