<?xml version="1.0" encoding="UTF-8"?>
<!-- Generated by org.testng.reporters.JUnitReportReporter -->
<testsuite hostname="DESKTOP-5HDMOT8" failures="0" tests="3" name="dockerSeleniumGrid.DockerSelenium" time="67.862" errors="0" timestamp="2023-01-07T23:46:27 IST" skipped="0">
  <testcase classname="dockerSeleniumGrid.DockerSelenium" name="OrangeHRMTestOnFirefox" time="25.722"/>
  <system-out/>
  <testcase classname="dockerSeleniumGrid.DockerSelenium" name="googleTestOnChrome" time="21.245"/>
  <system-out/>
  <testcase classname="dockerSeleniumGrid.DockerSelenium" name="TestOnMicrosoftEdge" time="20.895"/>
  <system-out/>
</testsuite> <!-- dockerSeleniumGrid.DockerSelenium -->
