<?xml version="1.0" encoding="UTF-8"?>
<!-- Generated by org.testng.reporters.JUnitReportReporter -->
<testsuite hostname="DESKTOP-5HDMOT8" failures="0" tests="4" name="parallelTest.TestClass3" time="0.012" errors="0" timestamp="2022-11-15T16:32:49 IST" skipped="0">
  <testcase classname="parallelTest.TestClass3" name="testMethod10" time="0.002"/>
  <system-out/>
  <testcase classname="parallelTest.TestClass3" name="testMethod11" time="0.002"/>
  <system-out/>
  <testcase classname="parallelTest.TestClass3" name="testMethod8" time="0.005"/>
  <system-out/>
  <testcase classname="parallelTest.TestClass3" name="testMethod9" time="0.003"/>
  <system-out/>
</testsuite> <!-- parallelTest.TestClass3 -->
