<?xml version="1.0" encoding="UTF-8"?>
<!-- Generated by org.testng.reporters.JUnitReportReporter -->
<testsuite hostname="DESKTOP-5HDMOT8" failures="0" tests="3" name="dockerSeleniumGrid.DockerSelenium" time="35.386" errors="0" timestamp="2022-11-18T11:12:15 IST" skipped="0">
  <testcase classname="dockerSeleniumGrid.DockerSelenium" name="OrangeHRMTestOnFirefox" time="8.433"/>
  <system-out/>
  <testcase classname="dockerSeleniumGrid.DockerSelenium" name="googleTestOnChrome" time="12.351"/>
  <system-out/>
  <testcase classname="dockerSeleniumGrid.DockerSelenium" name="TestOnMicrosoftEdge" time="14.602"/>
  <system-out/>
</testsuite> <!-- dockerSeleniumGrid.DockerSelenium -->
