<?xml version="1.0" encoding="UTF-8"?>
<!-- Generated by org.testng.reporters.JUnitReportReporter -->
<testsuite hostname="DESKTOP-5HDMOT8" failures="0" tests="3" name="kubernetes.SeleniumGridWithKubernetes" time="52.546" errors="0" timestamp="2022-11-23T13:06:38 IST" skipped="0">
  <testcase classname="kubernetes.SeleniumGridWithKubernetes" name="googleTestOnChrome" time="17.701"/>
  <system-out/>
  <testcase classname="kubernetes.SeleniumGridWithKubernetes" name="OrangeHRMTestOnFirefox" time="18.948"/>
  <system-out/>
  <testcase classname="kubernetes.SeleniumGridWithKubernetes" name="TestOnMicrosoftEdge" time="15.897"/>
  <system-out/>
</testsuite> <!-- kubernetes.SeleniumGridWithKubernetes -->
