<?xml version="1.0" encoding="UTF-8"?>
<!-- Generated by org.testng.reporters.JUnitReportReporter -->
<testsuite hostname="DESKTOP-5HDMOT8" failures="0" tests="1" name="dockerSeleniumGrid.Docker1" time="26.293" errors="0" timestamp="2022-11-15T15:07:07 IST" skipped="0">
  <testcase classname="dockerSeleniumGrid.Docker1" name="test1" time="26.293"/>
  <system-out/>
</testsuite> <!-- dockerSeleniumGrid.Docker1 -->
