<?xml version="1.0" encoding="UTF-8"?>
<!-- Generated by org.testng.reporters.JUnitReportReporter -->
<testsuite hostname="DESKTOP-5HDMOT8" failures="0" tests="1" name="FacebookLogin" time="0.025" errors="0" timestamp="2022-11-02T13:24:51 IST" skipped="0">
  <testcase classname="FacebookLogin" name="fbEmailTextField" time="0.025"/>
  <system-out/>
</testsuite> <!-- FacebookLogin -->
