<?xml version="1.0" encoding="UTF-8"?>
<!-- Generated by org.testng.reporters.JUnitReportReporter -->
<testsuite hostname="DESKTOP-5HDMOT8" failures="0" tests="1" name="mmT.SearchFlight" time="10.563" errors="0" timestamp="2022-09-21T16:32:51 IST" skipped="0">
  <testcase classname="mmT.SearchFlight" name="login" time="10.563"/>
  <system-out/>
</testsuite> <!-- mmT.SearchFlight -->
