<?xml version="1.0" encoding="UTF-8"?>
<!-- Generated by org.testng.reporters.JUnitReportReporter -->
<testsuite hostname="DESKTOP-5HDMOT8" failures="0" tests="4" name="parallelTest.TestClass1" time="0.040" errors="0" timestamp="2022-11-15T16:32:48 IST" skipped="0">
  <testcase classname="parallelTest.TestClass1" name="testMethod2" time="0.004"/>
  <system-out/>
  <testcase classname="parallelTest.TestClass1" name="testMethod1" time="0.026"/>
  <system-out/>
  <testcase classname="parallelTest.TestClass1" name="testMethod4" time="0.004"/>
  <system-out/>
  <testcase classname="parallelTest.TestClass1" name="testMethod3" time="0.006"/>
  <system-out/>
</testsuite> <!-- parallelTest.TestClass1 -->
