<?xml version="1.0" encoding="UTF-8"?>
<!-- Generated by org.testng.reporters.JUnitReportReporter -->
<testsuite hostname="DESKTOP-5HDMOT8" failures="0" tests="1" name="loginOrangeHRM.ValidLogin" time="15.966" errors="0" timestamp="2022-09-19T15:04:17 IST" skipped="0">
  <testcase classname="loginOrangeHRM.ValidLogin" name="login" time="15.966"/>
  <system-out/>
</testsuite> <!-- loginOrangeHRM.ValidLogin -->
