<?xml version="1.0" encoding="UTF-8"?>
<!-- Generated by org.testng.reporters.JUnitReportReporter -->
<testsuite hostname="DESKTOP-5HDMOT8" failures="0" tests="3" name="kubernetes.SeleniumGridWithKubernetes" time="61.990" errors="0" timestamp="2023-01-11T11:42:25 IST" skipped="0">
  <testcase classname="kubernetes.SeleniumGridWithKubernetes" name="OrangeHRMTestOnFirefox" time="29.536"/>
  <system-out>
    <![CDATA[Firefox test pass]]>
  </system-out>
  <testcase classname="kubernetes.SeleniumGridWithKubernetes" name="googleTestOnChrome" time="17.862"/>
  <system-out>
    <![CDATA[Chrome test pass]]>
  </system-out>
  <testcase classname="kubernetes.SeleniumGridWithKubernetes" name="TestOnMicrosoftEdge" time="14.592"/>
  <system-out/>
</testsuite> <!-- kubernetes.SeleniumGridWithKubernetes -->
