<?xml version="1.0" encoding="UTF-8"?>
<!-- Generated by org.testng.reporters.JUnitReportReporter -->
<testsuite hostname="DESKTOP-5HDMOT8" failures="0" tests="3" name="parallelTest.TestClass2" time="0.013" errors="0" timestamp="2022-11-15T16:32:48 IST" skipped="0">
  <testcase classname="parallelTest.TestClass2" name="testMethod6" time="0.004"/>
  <system-out/>
  <testcase classname="parallelTest.TestClass2" name="testMethod5" time="0.003"/>
  <system-out/>
  <testcase classname="parallelTest.TestClass2" name="testMethod7" time="0.006"/>
  <system-out/>
</testsuite> <!-- parallelTest.TestClass2 -->
