<?xml version="1.0" encoding="UTF-8"?>
<!-- Generated by org.testng.reporters.JUnitReportReporter -->
<testsuite hostname="DESKTOP-5HDMOT8" failures="0" tests="2" name="seleniumgridPractice.Grid1" time="78.046" errors="0" timestamp="2022-11-17T11:54:49 IST" skipped="0">
  <testcase classname="seleniumgridPractice.Grid1" name="test2OnFirefox" time="71.466"/>
  <system-out/>
  <testcase classname="seleniumgridPractice.Grid1" name="test1OnChrome" time="6.580"/>
  <system-out/>
</testsuite> <!-- seleniumgridPractice.Grid1 -->
