<?xml version="1.0" encoding="UTF-8"?>
<!-- Generated by org.testng.reporters.JUnitReportReporter -->
<testsuite hostname="DESKTOP-5HDMOT8" failures="0" tests="1" name="login.Test1" time="0.008" errors="0" timestamp="2022-09-12T17:39:59 IST" skipped="0">
  <testcase classname="login.Test1" name="test" time="0.008"/>
  <system-out/>
</testsuite> <!-- login.Test1 -->
